<?xml version="1.0" encoding="UTF-8"?>
<!-- Generated by org.testng.reporters.JUnitXMLReporter -->
<testsuite ignored="0" hostname="Madans-MacBook-Pro.local" failures="1" tests="1" name="onchrome" time="3.443" errors="0" timestamp="2021-12-12T13:44:15 GMT">
  <testcase classname="com.ebanking.scripts.SGrid" name="Gd" time="3.363">
    <failure type="org.openqa.selenium.SessionNotCreatedException" message="session not created: This version of ChromeDriver only supports Chrome version 91
Current browser version is 96.0.4664.93 with binary path /Applications/Google Chrome.app/Contents/MacOS/Google Chrome
Build info: version: &amp;apos;3.141.59&amp;apos;, revision: &amp;apos;e82be7d358&amp;apos;, time: &amp;apos;2018-11-14T08:25:53&amp;apos;
System info: host: &amp;apos;Madans-MacBook-Pro.local&amp;apos;, ip: &amp;apos;2001:bb6:60e:1a00:c5fa:822b:b58f:6bca%en0&amp;apos;, os.name: &amp;apos;Mac OS X&amp;apos;, os.arch: &amp;apos;x86_64&amp;apos;, os.version: &amp;apos;11.5&amp;apos;, java.version: &amp;apos;16.0.2&amp;apos;
Driver info: driver.version: unknown
remote stacktrace: 0   chromedriver                        0x0000000108c90029 chromedriver + 2740265
1   chromedriver                        0x0000000109343cd3 chromedriver + 9768147
2   chromedriver                        0x0000000108a1fd58 chromedriver + 183640
3   chromedriver                        0x0000000108a456d6 chromedriver + 337622
4   chromedriver                        0x0000000108a413c3 chromedriver + 320451
5   chromedriver                        0x0000000108a3da56 chromedriver + 305750
6   chromedriver                        0x0000000108a75ed0 chromedriver + 536272
7   chromedriver                        0x0000000108a70d63 chromedriver + 515427
8   chromedriver                        0x0000000108a47901 chromedriver + 346369
9   chromedriver                        0x0000000108a48b35 chromedriver + 351029
10  chromedriver                        0x0000000108c57b4c chromedriver + 2509644
11  chromedriver                        0x0000000108c6aa81 chromedriver + 2587265
12  chromedriver                        0x0000000108c3d4f1 chromedriver + 2401521
13  chromedriver                        0x0000000108c6be4f chromedriver + 2592335
14  chromedriver                        0x0000000108c4daec chromedriver + 2468588
15  chromedriver                        0x0000000108c85358 chromedriver + 2696024
16  chromedriver                        0x0000000108c854eb chromedriver + 2696427
17  chromedriver                        0x0000000108c94f38 chromedriver + 2760504
18  libsystem_pthread.dylib             0x00007fff204588fc _pthread_start + 224
19  libsystem_pthread.dylib             0x00007fff20454443 thread_start + 15

Command duration or timeout: 2.64 seconds">
      <![CDATA[org.openqa.selenium.SessionNotCreatedException: session not created: This version of ChromeDriver only supports Chrome version 91
Current browser version is 96.0.4664.93 with binary path /Applications/Google Chrome.app/Contents/MacOS/Google Chrome
Build info: version: '3.141.59', revision: 'e82be7d358', time: '2018-11-14T08:25:53'
System info: host: 'Madans-MacBook-Pro.local', ip: '2001:bb6:60e:1a00:c5fa:822b:b58f:6bca%en0', os.name: 'Mac OS X', os.arch: 'x86_64', os.version: '11.5', java.version: '16.0.2'
Driver info: driver.version: unknown
remote stacktrace: 0   chromedriver                        0x0000000108c90029 chromedriver + 2740265
1   chromedriver                        0x0000000109343cd3 chromedriver + 9768147
2   chromedriver                        0x0000000108a1fd58 chromedriver + 183640
3   chromedriver                        0x0000000108a456d6 chromedriver + 337622
4   chromedriver                        0x0000000108a413c3 chromedriver + 320451
5   chromedriver                        0x0000000108a3da56 chromedriver + 305750
6   chromedriver                        0x0000000108a75ed0 chromedriver + 536272
7   chromedriver                        0x0000000108a70d63 chromedriver + 515427
8   chromedriver                        0x0000000108a47901 chromedriver + 346369
9   chromedriver                        0x0000000108a48b35 chromedriver + 351029
10  chromedriver                        0x0000000108c57b4c chromedriver + 2509644
11  chromedriver                        0x0000000108c6aa81 chromedriver + 2587265
12  chromedriver                        0x0000000108c3d4f1 chromedriver + 2401521
13  chromedriver                        0x0000000108c6be4f chromedriver + 2592335
14  chromedriver                        0x0000000108c4daec chromedriver + 2468588
15  chromedriver                        0x0000000108c85358 chromedriver + 2696024
16  chromedriver                        0x0000000108c854eb chromedriver + 2696427
17  chromedriver                        0x0000000108c94f38 chromedriver + 2760504
18  libsystem_pthread.dylib             0x00007fff204588fc _pthread_start + 224
19  libsystem_pthread.dylib             0x00007fff20454443 thread_start + 15

Command duration or timeout: 2.64 seconds
at org.openqa.selenium.remote.ErrorHandler.createThrowable(ErrorHandler.java:214)
at org.openqa.selenium.remote.ErrorHandler.throwIfResponseFailed(ErrorHandler.java:166)
at org.openqa.selenium.remote.JsonWireProtocolResponse.lambda$errorHandler$0(JsonWireProtocolResponse.java:54)
at org.openqa.selenium.remote.HandshakeResponse.lambda$getResponseFunction$0(HandshakeResponse.java:30)
at org.openqa.selenium.remote.ProtocolHandshake.lambda$createSession$0(ProtocolHandshake.java:126)
at java.base/java.util.stream.ReferencePipeline$3$1.accept(ReferencePipeline.java:197)
at java.base/java.util.Spliterators$ArraySpliterator.tryAdvance(Spliterators.java:958)
at java.base/java.util.stream.ReferencePipeline.forEachWithCancel(ReferencePipeline.java:129)
at java.base/java.util.stream.AbstractPipeline.copyIntoWithCancel(AbstractPipeline.java:502)
at java.base/java.util.stream.AbstractPipeline.copyInto(AbstractPipeline.java:488)
at java.base/java.util.stream.AbstractPipeline.wrapAndCopyInto(AbstractPipeline.java:474)
at java.base/java.util.stream.FindOps$FindOp.evaluateSequential(FindOps.java:150)
at java.base/java.util.stream.AbstractPipeline.evaluate(AbstractPipeline.java:234)
at java.base/java.util.stream.ReferencePipeline.findFirst(ReferencePipeline.java:647)
at org.openqa.selenium.remote.ProtocolHandshake.createSession(ProtocolHandshake.java:128)
at org.openqa.selenium.remote.ProtocolHandshake.createSession(ProtocolHandshake.java:74)
at org.openqa.selenium.remote.HttpCommandExecutor.execute(HttpCommandExecutor.java:136)
at org.openqa.selenium.remote.RemoteWebDriver.execute(RemoteWebDriver.java:552)
at org.openqa.selenium.remote.RemoteWebDriver.startSession(RemoteWebDriver.java:213)
at org.openqa.selenium.remote.RemoteWebDriver.<init>(RemoteWebDriver.java:131)
at org.openqa.selenium.remote.RemoteWebDriver.<init>(RemoteWebDriver.java:144)
at com.ebanking.scripts.SGrid.Gd(SGrid.java:54)
at java.base/java.util.ArrayList.forEach(ArrayList.java:1511)
at java.base/java.util.concurrent.FutureTask.run(FutureTask.java:264)
at java.base/java.util.concurrent.ThreadPoolExecutor.runWorker(ThreadPoolExecutor.java:1130)
at java.base/java.util.concurrent.ThreadPoolExecutor$Worker.run(ThreadPoolExecutor.java:630)
at java.base/java.lang.Thread.run(Thread.java:831)
Caused by: org.openqa.selenium.SessionNotCreatedException: session not created: This version of ChromeDriver only supports Chrome version 91
Current browser version is 96.0.4664.93 with binary path /Applications/Google Chrome.app/Contents/MacOS/Google Chrome
Build info: version: '3.141.59', revision: 'e82be7d358', time: '2018-11-14T08:25:53'
System info: host: 'Madans-MacBook-Pro.local', ip: '2001:bb6:60e:1a00:c5fa:822b:b58f:6bca%en0', os.name: 'Mac OS X', os.arch: 'x86_64', os.version: '11.5', java.version: '16.0.2'
Driver info: driver.version: unknown
remote stacktrace: 0   chromedriver                        0x0000000108c90029 chromedriver + 2740265
1   chromedriver                        0x0000000109343cd3 chromedriver + 9768147
2   chromedriver                        0x0000000108a1fd58 chromedriver + 183640
3   chromedriver                        0x0000000108a456d6 chromedriver + 337622
4   chromedriver                        0x0000000108a413c3 chromedriver + 320451
5   chromedriver                        0x0000000108a3da56 chromedriver + 305750
6   chromedriver                        0x0000000108a75ed0 chromedriver + 536272
7   chromedriver                        0x0000000108a70d63 chromedriver + 515427
8   chromedriver                        0x0000000108a47901 chromedriver + 346369
9   chromedriver                        0x0000000108a48b35 chromedriver + 351029
10  chromedriver                        0x0000000108c57b4c chromedriver + 2509644
11  chromedriver                        0x0000000108c6aa81 chromedriver + 2587265
12  chromedriver                        0x0000000108c3d4f1 chromedriver + 2401521
13  chromedriver                        0x0000000108c6be4f chromedriver + 2592335
14  chromedriver                        0x0000000108c4daec chromedriver + 2468588
15  chromedriver                        0x0000000108c85358 chromedriver + 2696024
16  chromedriver                        0x0000000108c854eb chromedriver + 2696427
17  chromedriver                        0x0000000108c94f38 chromedriver + 2760504
18  libsystem_pthread.dylib             0x00007fff204588fc _pthread_start + 224
19  libsystem_pthread.dylib             0x00007fff20454443 thread_start + 15

Build info: version: '3.141.59', revision: 'e82be7d358', time: '2018-11-14T08:25:53'
System info: host: 'Madans-MacBook-Pro.local', ip: '2001:bb6:60e:1a00:c5fa:822b:b58f:6bca%en0', os.name: 'Mac OS X', os.arch: 'x86_64', os.version: '11.5', java.version: '16.0.1'
Driver info: driver.version: unknown
at org.openqa.selenium.remote.W3CHandshakeResponse.lambda$errorHandler$0(W3CHandshakeResponse.java:62)
at org.openqa.selenium.remote.HandshakeResponse.lambda$getResponseFunction$0(HandshakeResponse.java:30)
at org.openqa.selenium.remote.ProtocolHandshake.lambda$createSession$0(ProtocolHandshake.java:126)
at java.util.stream.ReferencePipeline$3$1.accept(ReferencePipeline.java:197)
at java.util.Spliterators$ArraySpliterator.tryAdvance(Spliterators.java:958)
at java.util.stream.ReferencePipeline.forEachWithCancel(ReferencePipeline.java:129)
at java.util.stream.AbstractPipeline.copyIntoWithCancel(AbstractPipeline.java:502)
at java.util.stream.AbstractPipeline.copyInto(AbstractPipeline.java:488)
at java.util.stream.AbstractPipeline.wrapAndCopyInto(AbstractPipeline.java:474)
at java.util.stream.FindOps$FindOp.evaluateSequential(FindOps.java:150)
at java.util.stream.AbstractPipeline.evaluate(AbstractPipeline.java:234)
at java.util.stream.ReferencePipeline.findFirst(ReferencePipeline.java:647)
at org.openqa.selenium.remote.ProtocolHandshake.createSession(ProtocolHandshake.java:128)
at org.openqa.selenium.remote.ProtocolHandshake.createSession(ProtocolHandshake.java:74)
at org.openqa.selenium.grid.session.remote.RemoteSession$Factory.performHandshake(RemoteSession.java:147)
at org.openqa.selenium.grid.session.remote.ServicedSession$Factory.apply(ServicedSession.java:161)
at org.openqa.selenium.remote.server.ActiveSessionFactory.lambda$apply$12(ActiveSessionFactory.java:180)
at java.util.stream.ReferencePipeline$3$1.accept(ReferencePipeline.java:197)
at java.util.stream.ReferencePipeline$15$1.accept(ReferencePipeline.java:541)
at java.util.stream.ReferencePipeline$2$1.accept(ReferencePipeline.java:179)
at java.util.Spliterators$ArraySpliterator.tryAdvance(Spliterators.java:958)
at java.util.stream.ReferencePipeline.forEachWithCancel(ReferencePipeline.java:129)
at java.util.stream.AbstractPipeline.copyIntoWithCancel(AbstractPipeline.java:502)
at java.util.stream.AbstractPipeline.copyInto(AbstractPipeline.java:488)
at java.util.stream.AbstractPipeline.wrapAndCopyInto(AbstractPipeline.java:474)
at java.util.stream.FindOps$FindOp.evaluateSequential(FindOps.java:150)
at java.util.stream.AbstractPipeline.evaluate(AbstractPipeline.java:234)
at java.util.stream.ReferencePipeline.findFirst(ReferencePipeline.java:647)
at org.openqa.selenium.remote.server.ActiveSessionFactory.apply(ActiveSessionFactory.java:183)
at org.openqa.selenium.remote.server.NewSessionPipeline.lambda$null$2(NewSessionPipeline.java:66)
at java.util.stream.ReferencePipeline$3$1.accept(ReferencePipeline.java:197)
at java.util.stream.ReferencePipeline$2$1.accept(ReferencePipeline.java:179)
at java.util.Collections$2.tryAdvance(Collections.java:4820)
at java.util.stream.ReferencePipeline.forEachWithCancel(ReferencePipeline.java:129)
at java.util.stream.AbstractPipeline.copyIntoWithCancel(AbstractPipeline.java:502)
at java.util.stream.AbstractPipeline.copyInto(AbstractPipeline.java:488)
at java.util.stream.AbstractPipeline.wrapAndCopyInto(AbstractPipeline.java:474)
at java.util.stream.FindOps$FindOp.evaluateSequential(FindOps.java:150)
at java.util.stream.AbstractPipeline.evaluate(AbstractPipeline.java:234)
at java.util.stream.ReferencePipeline.findFirst(ReferencePipeline.java:647)
at org.openqa.selenium.remote.server.NewSessionPipeline.lambda$createNewSession$3(NewSessionPipeline.java:69)
at java.util.stream.ReferencePipeline$3$1.accept(ReferencePipeline.java:197)
at java.util.stream.ReferencePipeline$3$1.accept(ReferencePipeline.java:197)
at java.util.stream.ReferencePipeline$3$1.accept(ReferencePipeline.java:197)
at java.util.stream.DistinctOps$1$2.accept(DistinctOps.java:174)
at java.util.stream.ReferencePipeline$2$1.accept(ReferencePipeline.java:179)
at java.util.stream.ReferencePipeline$3$1.accept(ReferencePipeline.java:197)
at java.util.stream.ReferencePipeline$2$1.accept(ReferencePipeline.java:179)
at java.util.stream.Streams$StreamBuilderImpl.tryAdvance(Streams.java:397)
at java.util.stream.Streams$ConcatSpliterator.tryAdvance(Streams.java:720)
at java.util.stream.ReferencePipeline.forEachWithCancel(ReferencePipeline.java:129)
at java.util.stream.AbstractPipeline.copyIntoWithCancel(AbstractPipeline.java:502)
at java.util.stream.AbstractPipeline.copyInto(AbstractPipeline.java:488)
at java.util.stream.AbstractPipeline.wrapAndCopyInto(AbstractPipeline.java:474)
at java.util.stream.FindOps$FindOp.evaluateSequential(FindOps.java:150)
at java.util.stream.AbstractPipeline.evaluate(AbstractPipeline.java:234)
at java.util.stream.ReferencePipeline.findFirst(ReferencePipeline.java:647)
at org.openqa.selenium.remote.server.NewSessionPipeline.createNewSession(NewSessionPipeline.java:72)
at org.openqa.selenium.remote.server.commandhandler.BeginSession.execute(BeginSession.java:65)
at org.openqa.selenium.remote.server.WebDriverServlet.lambda$handle$0(WebDriverServlet.java:235)
at java.util.concurrent.Executors$RunnableAdapter.call(Executors.java:515)
at java.util.concurrent.FutureTask.run(FutureTask.java:264)
at java.util.concurrent.ThreadPoolExecutor.runWorker(ThreadPoolExecutor.java:1130)
at java.util.concurrent.ThreadPoolExecutor$Worker.run(ThreadPoolExecutor.java:630)
at java.lang.Thread.run(Thread.java:831)
... Removed 28 stack frames]]>
    </failure>
  </testcase> <!-- Gd -->
</testsuite> <!-- onchrome -->
